[debug] [2026-01-12T13:16:08.084Z] ----------------------------------------------------------------------
[debug] [2026-01-12T13:16:08.087Z] Command:       D:\Node.js\node.exe C:\Users\Jasper\AppData\Roaming\npm\node_modules\firebase-tools\lib\bin\firebase.js init
[debug] [2026-01-12T13:16:08.088Z] CLI Version:   15.2.1
[debug] [2026-01-12T13:16:08.088Z] Platform:      win32
[debug] [2026-01-12T13:16:08.088Z] Node Version:  v22.16.0
[debug] [2026-01-12T13:16:08.088Z] Time:          Mon Jan 12 2026 21:16:08 GMT+0800 (Philippine Standard Time)
[debug] [2026-01-12T13:16:08.088Z] ----------------------------------------------------------------------
[debug] 
[info] 
     ######## #### ########  ######## ########     ###     ######  ########
     ##        ##  ##     ## ##       ##     ##  ##   ##  ##       ##
     ######    ##  ########  ######   ########  #########  ######  ######
     ##        ##  ##    ##  ##       ##     ## ##     ##       ## ##
     ##       #### ##     ## ######## ########  ##     ##  ######  ########

You're about to initialize a Firebase project in this directory:

  C:\Users\Jasper\Desktop\Foders\porfolio

[info] 
=== Project Setup
[info] 
[info] First, let's associate this project directory with a Firebase project.
[info] You can create multiple project aliases by running firebase use --add, 
[info] 
[debug] [2026-01-12T13:18:19.699Z] > command requires scopes: ["email","openid","https://www.googleapis.com/auth/cloudplatformprojects.readonly","https://www.googleapis.com/auth/firebase","https://www.googleapis.com/auth/cloud-platform"]
[debug] [2026-01-12T13:18:19.700Z] > authorizing via signed-in user (jmauzar9@gmail.com)
[debug] [2026-01-12T13:18:19.701Z] Checked if tokens are valid: true, expires at: 1768227337230
[debug] [2026-01-12T13:18:19.701Z] Checked if tokens are valid: true, expires at: 1768227337230
[debug] [2026-01-12T13:18:19.756Z] >>> [apiv2][query] GET https://firebase.googleapis.com/v1beta1/projects/ecodrip-f6d59 [none]
[debug] [2026-01-12T13:18:20.380Z] <<< [apiv2][status] GET https://firebase.googleapis.com/v1beta1/projects/ecodrip-f6d59 403
[debug] [2026-01-12T13:18:20.380Z] <<< [apiv2][body] GET https://firebase.googleapis.com/v1beta1/projects/ecodrip-f6d59 {"error":{"code":403,"message":"The caller does not have permission","status":"PERMISSION_DENIED"}}
[debug] [2026-01-12T13:18:20.381Z] Request to https://firebase.googleapis.com/v1beta1/projects/ecodrip-f6d59 had HTTP Error: 403, The caller does not have permission
[debug] [2026-01-12T13:18:20.382Z] FirebaseError: Request to https://firebase.googleapis.com/v1beta1/projects/ecodrip-f6d59 had HTTP Error: 403, The caller does not have permission
    at responseToError (C:\Users\Jasper\AppData\Roaming\npm\node_modules\firebase-tools\lib\responseToError.js:53:12)
    at RetryOperation._fn (C:\Users\Jasper\AppData\Roaming\npm\node_modules\firebase-tools\lib\apiv2.js:320:77)
    at process.processTicksAndRejections (node:internal/process/task_queues:105:5)
[error] 
[error] Error: Failed to get Firebase project ecodrip-f6d59. Please make sure the project exists and your account has permission to access it.
